<?xml version="1.0" encoding="UTF-8"?>
<!-- Generated by org.testng.reporters.JUnitReportReporter -->
<testsuite hostname="Bunny---HP9919" failures="0" tests="1" name="Task.FinalMockA6.Task05DigitalDownloads" time="11.814" errors="0" timestamp="2024-08-08T17:15:15 IST" skipped="0">
  <testcase classname="Task.FinalMockA6.Task05DigitalDownloads" name="highestPrice" time="11.814">
    <system-out>
      <![CDATA[highestPrice
onTestSuccess]]>
    </system-out>
  </testcase> <!-- highestPrice -->
  <system-out>
    <![CDATA[onStart
giftCard
signUpSocialMedia
onTestSuccess
highestPrice
onTestSuccess]]>
  </system-out>
</testsuite> <!-- Task.FinalMockA6.Task05DigitalDownloads -->
