<?xml version="1.0" encoding="UTF-8"?>
<!-- Generated by org.testng.reporters.JUnitReportReporter -->
<testsuite hostname="Bunny---HP9919" failures="0" tests="1" name="Task.FinalMockA6.Task06organizationVtiger" time="11.055" errors="0" timestamp="2024-08-08T17:03:51 IST" skipped="0">
  <testcase classname="Task.FinalMockA6.Task06organizationVtiger" name="createOrganization" time="11.055">
    <system-out>
      <![CDATA[createOrganization
onTestSuccess]]>
    </system-out>
  </testcase> <!-- createOrganization -->
  <system-out>
    <![CDATA[onStart
createOrganization
onTestSuccess]]>
  </system-out>
</testsuite> <!-- Task.FinalMockA6.Task06organizationVtiger -->
